<?xml version="1.0" encoding="UTF-8"?>
<robot generator="Robot 4.1.2 (Python 3.10.0 on win32)" generated="20211102 11:54:54.109" rpa="false" schemaversion="2">
<suite id="s1" name="Exercicios" source="C:\Users\swzub\Desktop\PrimeHero-Curso\tests\exercicios.robot">
<test id="s1-t1" name="Cenario: Escolhendo numero">
<kw name="Contar">
<for flavor="IN RANGE">
<var>${NUMERO}</var>
<value>0</value>
<value>11</value>
<iter>
<var name="${NUMERO}">0</var>
<if>
<branch type="IF" condition="'${NUMERO}'=='5'">
<kw name="Log To Console" library="BuiltIn">
<arg>\nEstou no numero:${NUMERO}</arg>
<doc>Logs the given message to the console.</doc>
<status status="NOT RUN" starttime="20211102 11:54:54.145" endtime="20211102 11:54:54.145"/>
</kw>
<status status="NOT RUN" starttime="20211102 11:54:54.145" endtime="20211102 11:54:54.145"/>
</branch>
<branch type="ELSE IF" condition="'${NUMERO}'=='8'">
<kw name="Log To Console" library="BuiltIn">
<arg>\nEstou no numero:${NUMERO}</arg>
<doc>Logs the given message to the console.</doc>
<status status="NOT RUN" starttime="20211102 11:54:54.146" endtime="20211102 11:54:54.146"/>
</kw>
<status status="NOT RUN" starttime="20211102 11:54:54.145" endtime="20211102 11:54:54.146"/>
</branch>
<status status="PASS" starttime="20211102 11:54:54.144" endtime="20211102 11:54:54.146"/>
</if>
<status status="PASS" starttime="20211102 11:54:54.144" endtime="20211102 11:54:54.146"/>
</iter>
<iter>
<var name="${NUMERO}">1</var>
<if>
<branch type="IF" condition="'${NUMERO}'=='5'">
<kw name="Log To Console" library="BuiltIn">
<arg>\nEstou no numero:${NUMERO}</arg>
<doc>Logs the given message to the console.</doc>
<status status="NOT RUN" starttime="20211102 11:54:54.146" endtime="20211102 11:54:54.146"/>
</kw>
<status status="NOT RUN" starttime="20211102 11:54:54.146" endtime="20211102 11:54:54.146"/>
</branch>
<branch type="ELSE IF" condition="'${NUMERO}'=='8'">
<kw name="Log To Console" library="BuiltIn">
<arg>\nEstou no numero:${NUMERO}</arg>
<doc>Logs the given message to the console.</doc>
<status status="NOT RUN" starttime="20211102 11:54:54.147" endtime="20211102 11:54:54.147"/>
</kw>
<status status="NOT RUN" starttime="20211102 11:54:54.147" endtime="20211102 11:54:54.147"/>
</branch>
<status status="PASS" starttime="20211102 11:54:54.146" endtime="20211102 11:54:54.147"/>
</if>
<status status="PASS" starttime="20211102 11:54:54.146" endtime="20211102 11:54:54.147"/>
</iter>
<iter>
<var name="${NUMERO}">2</var>
<if>
<branch type="IF" condition="'${NUMERO}'=='5'">
<kw name="Log To Console" library="BuiltIn">
<arg>\nEstou no numero:${NUMERO}</arg>
<doc>Logs the given message to the console.</doc>
<status status="NOT RUN" starttime="20211102 11:54:54.148" endtime="20211102 11:54:54.148"/>
</kw>
<status status="NOT RUN" starttime="20211102 11:54:54.148" endtime="20211102 11:54:54.148"/>
</branch>
<branch type="ELSE IF" condition="'${NUMERO}'=='8'">
<kw name="Log To Console" library="BuiltIn">
<arg>\nEstou no numero:${NUMERO}</arg>
<doc>Logs the given message to the console.</doc>
<status status="NOT RUN" starttime="20211102 11:54:54.149" endtime="20211102 11:54:54.149"/>
</kw>
<status status="NOT RUN" starttime="20211102 11:54:54.149" endtime="20211102 11:54:54.149"/>
</branch>
<status status="PASS" starttime="20211102 11:54:54.148" endtime="20211102 11:54:54.149"/>
</if>
<status status="PASS" starttime="20211102 11:54:54.147" endtime="20211102 11:54:54.149"/>
</iter>
<iter>
<var name="${NUMERO}">3</var>
<if>
<branch type="IF" condition="'${NUMERO}'=='5'">
<kw name="Log To Console" library="BuiltIn">
<arg>\nEstou no numero:${NUMERO}</arg>
<doc>Logs the given message to the console.</doc>
<status status="NOT RUN" starttime="20211102 11:54:54.150" endtime="20211102 11:54:54.150"/>
</kw>
<status status="NOT RUN" starttime="20211102 11:54:54.150" endtime="20211102 11:54:54.150"/>
</branch>
<branch type="ELSE IF" condition="'${NUMERO}'=='8'">
<kw name="Log To Console" library="BuiltIn">
<arg>\nEstou no numero:${NUMERO}</arg>
<doc>Logs the given message to the console.</doc>
<status status="NOT RUN" starttime="20211102 11:54:54.150" endtime="20211102 11:54:54.150"/>
</kw>
<status status="NOT RUN" starttime="20211102 11:54:54.150" endtime="20211102 11:54:54.150"/>
</branch>
<status status="PASS" starttime="20211102 11:54:54.149" endtime="20211102 11:54:54.150"/>
</if>
<status status="PASS" starttime="20211102 11:54:54.149" endtime="20211102 11:54:54.150"/>
</iter>
<iter>
<var name="${NUMERO}">4</var>
<if>
<branch type="IF" condition="'${NUMERO}'=='5'">
<kw name="Log To Console" library="BuiltIn">
<arg>\nEstou no numero:${NUMERO}</arg>
<doc>Logs the given message to the console.</doc>
<status status="NOT RUN" starttime="20211102 11:54:54.151" endtime="20211102 11:54:54.151"/>
</kw>
<status status="NOT RUN" starttime="20211102 11:54:54.151" endtime="20211102 11:54:54.151"/>
</branch>
<branch type="ELSE IF" condition="'${NUMERO}'=='8'">
<kw name="Log To Console" library="BuiltIn">
<arg>\nEstou no numero:${NUMERO}</arg>
<doc>Logs the given message to the console.</doc>
<status status="NOT RUN" starttime="20211102 11:54:54.151" endtime="20211102 11:54:54.151"/>
</kw>
<status status="NOT RUN" starttime="20211102 11:54:54.151" endtime="20211102 11:54:54.151"/>
</branch>
<status status="PASS" starttime="20211102 11:54:54.151" endtime="20211102 11:54:54.151"/>
</if>
<status status="PASS" starttime="20211102 11:54:54.150" endtime="20211102 11:54:54.151"/>
</iter>
<iter>
<var name="${NUMERO}">5</var>
<if>
<branch type="IF" condition="'${NUMERO}'=='5'">
<kw name="Log To Console" library="BuiltIn">
<arg>\nEstou no numero:${NUMERO}</arg>
<doc>Logs the given message to the console.</doc>
<status status="PASS" starttime="20211102 11:54:54.151" endtime="20211102 11:54:54.152"/>
</kw>
<status status="PASS" starttime="20211102 11:54:54.151" endtime="20211102 11:54:54.152"/>
</branch>
<branch type="ELSE IF" condition="'${NUMERO}'=='8'">
<kw name="Log To Console" library="BuiltIn">
<arg>\nEstou no numero:${NUMERO}</arg>
<doc>Logs the given message to the console.</doc>
<status status="NOT RUN" starttime="20211102 11:54:54.152" endtime="20211102 11:54:54.152"/>
</kw>
<status status="NOT RUN" starttime="20211102 11:54:54.152" endtime="20211102 11:54:54.152"/>
</branch>
<status status="PASS" starttime="20211102 11:54:54.151" endtime="20211102 11:54:54.152"/>
</if>
<status status="PASS" starttime="20211102 11:54:54.151" endtime="20211102 11:54:54.152"/>
</iter>
<iter>
<var name="${NUMERO}">6</var>
<if>
<branch type="IF" condition="'${NUMERO}'=='5'">
<kw name="Log To Console" library="BuiltIn">
<arg>\nEstou no numero:${NUMERO}</arg>
<doc>Logs the given message to the console.</doc>
<status status="NOT RUN" starttime="20211102 11:54:54.153" endtime="20211102 11:54:54.153"/>
</kw>
<status status="NOT RUN" starttime="20211102 11:54:54.153" endtime="20211102 11:54:54.153"/>
</branch>
<branch type="ELSE IF" condition="'${NUMERO}'=='8'">
<kw name="Log To Console" library="BuiltIn">
<arg>\nEstou no numero:${NUMERO}</arg>
<doc>Logs the given message to the console.</doc>
<status status="NOT RUN" starttime="20211102 11:54:54.153" endtime="20211102 11:54:54.153"/>
</kw>
<status status="NOT RUN" starttime="20211102 11:54:54.153" endtime="20211102 11:54:54.153"/>
</branch>
<status status="PASS" starttime="20211102 11:54:54.153" endtime="20211102 11:54:54.153"/>
</if>
<status status="PASS" starttime="20211102 11:54:54.153" endtime="20211102 11:54:54.153"/>
</iter>
<iter>
<var name="${NUMERO}">7</var>
<if>
<branch type="IF" condition="'${NUMERO}'=='5'">
<kw name="Log To Console" library="BuiltIn">
<arg>\nEstou no numero:${NUMERO}</arg>
<doc>Logs the given message to the console.</doc>
<status status="NOT RUN" starttime="20211102 11:54:54.154" endtime="20211102 11:54:54.154"/>
</kw>
<status status="NOT RUN" starttime="20211102 11:54:54.153" endtime="20211102 11:54:54.154"/>
</branch>
<branch type="ELSE IF" condition="'${NUMERO}'=='8'">
<kw name="Log To Console" library="BuiltIn">
<arg>\nEstou no numero:${NUMERO}</arg>
<doc>Logs the given message to the console.</doc>
<status status="NOT RUN" starttime="20211102 11:54:54.154" endtime="20211102 11:54:54.154"/>
</kw>
<status status="NOT RUN" starttime="20211102 11:54:54.154" endtime="20211102 11:54:54.154"/>
</branch>
<status status="PASS" starttime="20211102 11:54:54.153" endtime="20211102 11:54:54.154"/>
</if>
<status status="PASS" starttime="20211102 11:54:54.153" endtime="20211102 11:54:54.154"/>
</iter>
<iter>
<var name="${NUMERO}">8</var>
<if>
<branch type="IF" condition="'${NUMERO}'=='5'">
<kw name="Log To Console" library="BuiltIn">
<arg>\nEstou no numero:${NUMERO}</arg>
<doc>Logs the given message to the console.</doc>
<status status="NOT RUN" starttime="20211102 11:54:54.154" endtime="20211102 11:54:54.154"/>
</kw>
<status status="NOT RUN" starttime="20211102 11:54:54.154" endtime="20211102 11:54:54.154"/>
</branch>
<branch type="ELSE IF" condition="'${NUMERO}'=='8'">
<kw name="Log To Console" library="BuiltIn">
<arg>\nEstou no numero:${NUMERO}</arg>
<doc>Logs the given message to the console.</doc>
<status status="PASS" starttime="20211102 11:54:54.154" endtime="20211102 11:54:54.156"/>
</kw>
<status status="PASS" starttime="20211102 11:54:54.154" endtime="20211102 11:54:54.156"/>
</branch>
<status status="PASS" starttime="20211102 11:54:54.154" endtime="20211102 11:54:54.156"/>
</if>
<status status="PASS" starttime="20211102 11:54:54.154" endtime="20211102 11:54:54.156"/>
</iter>
<iter>
<var name="${NUMERO}">9</var>
<if>
<branch type="IF" condition="'${NUMERO}'=='5'">
<kw name="Log To Console" library="BuiltIn">
<arg>\nEstou no numero:${NUMERO}</arg>
<doc>Logs the given message to the console.</doc>
<status status="NOT RUN" starttime="20211102 11:54:54.156" endtime="20211102 11:54:54.157"/>
</kw>
<status status="NOT RUN" starttime="20211102 11:54:54.156" endtime="20211102 11:54:54.157"/>
</branch>
<branch type="ELSE IF" condition="'${NUMERO}'=='8'">
<kw name="Log To Console" library="BuiltIn">
<arg>\nEstou no numero:${NUMERO}</arg>
<doc>Logs the given message to the console.</doc>
<status status="NOT RUN" starttime="20211102 11:54:54.157" endtime="20211102 11:54:54.157"/>
</kw>
<status status="NOT RUN" starttime="20211102 11:54:54.157" endtime="20211102 11:54:54.157"/>
</branch>
<status status="PASS" starttime="20211102 11:54:54.156" endtime="20211102 11:54:54.157"/>
</if>
<status status="PASS" starttime="20211102 11:54:54.156" endtime="20211102 11:54:54.157"/>
</iter>
<iter>
<var name="${NUMERO}">10</var>
<if>
<branch type="IF" condition="'${NUMERO}'=='5'">
<kw name="Log To Console" library="BuiltIn">
<arg>\nEstou no numero:${NUMERO}</arg>
<doc>Logs the given message to the console.</doc>
<status status="NOT RUN" starttime="20211102 11:54:54.157" endtime="20211102 11:54:54.157"/>
</kw>
<status status="NOT RUN" starttime="20211102 11:54:54.157" endtime="20211102 11:54:54.157"/>
</branch>
<branch type="ELSE IF" condition="'${NUMERO}'=='8'">
<kw name="Log To Console" library="BuiltIn">
<arg>\nEstou no numero:${NUMERO}</arg>
<doc>Logs the given message to the console.</doc>
<status status="NOT RUN" starttime="20211102 11:54:54.157" endtime="20211102 11:54:54.157"/>
</kw>
<status status="NOT RUN" starttime="20211102 11:54:54.157" endtime="20211102 11:54:54.157"/>
</branch>
<status status="PASS" starttime="20211102 11:54:54.157" endtime="20211102 11:54:54.157"/>
</if>
<status status="PASS" starttime="20211102 11:54:54.157" endtime="20211102 11:54:54.157"/>
</iter>
<status status="PASS" starttime="20211102 11:54:54.144" endtime="20211102 11:54:54.158"/>
</for>
<status status="PASS" starttime="20211102 11:54:54.143" endtime="20211102 11:54:54.158"/>
</kw>
<tag>OIE</tag>
<status status="PASS" starttime="20211102 11:54:54.142" endtime="20211102 11:54:54.158"/>
</test>
<doc>Aqui estarão presentes as resoluções de todos os exercicios da Prime Hero.
É muito importante informarmos o propósito deste documento.</doc>
<status status="PASS" starttime="20211102 11:54:54.109" endtime="20211102 11:54:54.160"/>
</suite>
<statistics>
<total>
<stat pass="1" fail="0" skip="0">All Tests</stat>
</total>
<tag>
<stat pass="1" fail="0" skip="0">OIE</stat>
</tag>
<suite>
<stat pass="1" fail="0" skip="0" id="s1" name="Exercicios">Exercicios</stat>
</suite>
</statistics>
<errors>
</errors>
</robot>
